{"/home/schiavonero/git/nodejs-setup/src/services/sayHelloWorld.js": {"path":"/home/schiavonero/git/nodejs-setup/src/services/sayHelloWorld.js","all":false,"statementMap":{"0":{"start":{"line":1,"column":0},"end":{"line":1,"column":35}},"1":{"start":{"line":2,"column":0},"end":{"line":2,"column":43}},"2":{"start":{"line":3,"column":0},"end":{"line":3,"column":2}}},"s":{"0":1,"1":2,"2":2},"branchMap":{"0":{"type":"branch","line":1,"loc":{"start":{"line":1,"column":19},"end":{"line":3,"column":2}},"locations":[{"start":{"line":1,"column":19},"end":{"line":3,"column":2}}]},"1":{"type":"branch","line":2,"loc":{"start":{"line":2,"column":22},"end":{"line":2,"column":29}},"locations":[{"start":{"line":2,"column":22},"end":{"line":2,"column":29}}]},"2":{"type":"branch","line":2,"loc":{"start":{"line":2,"column":29},"end":{"line":2,"column":40}},"locations":[{"start":{"line":2,"column":29},"end":{"line":2,"column":40}}]}},"b":{"0":[2],"1":[1],"2":[1]},"fnMap":{"0":{"name":"Object.<anonymous>.exports.sayHello","decl":{"start":{"line":1,"column":19},"end":{"line":3,"column":2}},"loc":{"start":{"line":1,"column":19},"end":{"line":3,"column":2}},"line":1}},"f":{"0":2}}
}
